
2024/06/17 (13:39:47) | ===> btop++ v.1.3.2
2024/06/17 (13:39:47) | ERROR: No tty detected!
btop++ needs an interactive shell to run.

2024/06/20 (11:28:04) | ===> btop++ v.1.3.2
2024/06/20 (11:28:04) | ERROR: No tty detected!
btop++ needs an interactive shell to run.

2024/06/20 (11:28:07) | ===> btop++ v.1.3.2
2024/06/20 (11:28:07) | ERROR: No tty detected!
btop++ needs an interactive shell to run.

2024/06/20 (11:31:46) | ===> btop++ v.1.3.2
2024/06/20 (11:31:46) | ERROR: No tty detected!
btop++ needs an interactive shell to run.

2024/06/27 (14:45:22) | ===> btop++ v.1.3.2
2024/06/27 (14:45:22) | WARNING: NVML: Failed to get maximum GPU power draw, defaulting to 225W: Not Supported
2024/06/27 (14:45:39) | ERROR: Couldn't determine terminal size of "STDOUT_FILENO"!
2024/06/27 (14:45:39) | ERROR: Couldn't determine terminal size of "/dev/tty"!

2024/06/27 (14:45:52) | ===> btop++ v.1.3.2
2024/06/27 (14:45:52) | WARNING: NVML: Failed to get maximum GPU power draw, defaulting to 225W: Not Supported

2024/06/27 (15:28:05) | ===> btop++ v.1.3.2
2024/06/27 (15:28:05) | WARNING: NVML: Failed to get maximum GPU power draw, defaulting to 225W: Not Supported

2024/06/27 (17:42:04) | ===> btop++ v.1.3.2
2024/06/27 (17:42:04) | WARNING: NVML: Failed to get maximum GPU power draw, defaulting to 225W: Not Supported

2024/11/29 (12:15:37) | ===> btop++ v.1.4.0
2024/11/29 (12:15:37) | ERROR: failed getting network interfaces
